{"uuid":"761ad65a-b812-4578-8c67-c991bcda1786","historyId":"8469365d49fba1130deffd1586651321","fullName":"org.oyetest.projects.cms.testcases.LoginTest.TC_LoginFailWithEmailDoesNotExist","labels":[{"name":"package","value":"org.oyetest.projects.cms.testcases.LoginTest"},{"name":"testClass","value":"org.oyetest.projects.cms.testcases.LoginTest"},{"name":"testMethod","value":"TC_LoginFailWithEmailDoesNotExist"},{"name":"parentSuite","value":"Regression Tests CMS"},{"name":"suite","value":"Login Test CMS"},{"name":"subSuite","value":"org.oyetest.projects.cms.testcases.LoginTest"},{"name":"host","value":"LAPTOP-GQ617UGP"},{"name":"thread","value":"21256@LAPTOP-GQ617UGP.TestNG-test-Login Test CMS-2(46)"},{"name":"framework","value":"testng"},{"name":"language","value":"java"},{"name":"feature","value":"Login Test"},{"name":"epic","value":"Regression Test CMS"}],"links":[],"name":"TC_LoginFailWithEmailDoesNotExist","status":"failed","statusDetails":{"known":false,"muted":false,"flaky":false,"message":"❌ Timeout waiting for the element ready to click. By.xpath: //button[@data-key='website-popup']","trace":"java.lang.AssertionError: ❌ Timeout waiting for the element ready to click. By.xpath: //button[@data-key='website-popup']\r\n\tat org.testng.Assert.fail(Assert.java:111)\r\n\tat org.oyetest.keywords.WebUI.waitForElementClickable(WebUI.java:3005)\r\n\tat org.oyetest.keywords.WebUI.clickElement(WebUI.java:2611)\r\n\tat org.oyetest.projects.cms.admin.pages.logins.LoginPageCMS.openLoginPage(LoginPageCMS.java:32)\r\n\tat org.oyetest.projects.cms.admin.pages.logins.LoginPageCMS.loginFailWithEmailDoesNotExist(LoginPageCMS.java:53)\r\n\tat org.oyetest.projects.cms.testcases.LoginTest.TC_LoginFailWithEmailDoesNotExist(LoginTest.java:23)\r\n\tat java.base/jdk.internal.reflect.DirectMethodHandleAccessor.invoke(DirectMethodHandleAccessor.java:104)\r\n\tat java.base/java.lang.reflect.Method.invoke(Method.java:578)\r\n\tat org.testng.internal.invokers.MethodInvocationHelper.invokeMethod(MethodInvocationHelper.java:141)\r\n\tat org.testng.internal.invokers.TestInvoker.invokeMethod(TestInvoker.java:686)\r\n\tat org.testng.internal.invokers.TestInvoker.retryFailed(TestInvoker.java:269)\r\n\tat org.testng.internal.invokers.MethodRunner.runInSequence(MethodRunner.java:76)\r\n\tat org.testng.internal.invokers.TestInvoker$MethodInvocationAgent.invoke(TestInvoker.java:992)\r\n\tat org.testng.internal.invokers.TestInvoker.invokeTestMethods(TestInvoker.java:203)\r\n\tat org.testng.internal.invokers.TestMethodWorker.invokeTestMethods(TestMethodWorker.java:154)\r\n\tat org.testng.internal.invokers.TestMethodWorker.run(TestMethodWorker.java:134)\r\n\tat java.base/java.util.concurrent.Executors$RunnableAdapter.call(Executors.java:577)\r\n\tat java.base/java.util.concurrent.FutureTask.run(FutureTask.java:317)\r\n\tat org.testng.internal.thread.graph.TestNGFutureTask.run(TestNGFutureTask.java:22)\r\n\tat java.base/java.util.concurrent.ThreadPoolExecutor.runWorker(ThreadPoolExecutor.java:1144)\r\n\tat java.base/java.util.concurrent.ThreadPoolExecutor$Worker.run(ThreadPoolExecutor.java:642)\r\n\tat java.base/java.lang.Thread.run(Thread.java:1589)\r\n"},"stage":"finished","steps":[{"name":"Open website with URL https://cms.oyetest.com","status":"passed","stage":"finished","steps":[],"attachments":[{"name":"Open website with URL: https://cms.oyetest.com","source":"b0ce0b0a-2d5e-4c05-ad2d-c9e62fc77852-attachment","type":"text/plain"},{"name":"Step Screenshot","source":"c3dc0911-cb02-4f4f-a5c3-6ba6534dec85-attachment","type":"image/png"}],"parameters":[{"name":"URL","value":"https://cms.oyetest.com"}],"start":1731917394783,"stop":1731917400607},{"name":"Click on the element By.xpath: //button[@data-key='website-popup']","status":"failed","statusDetails":{"known":false,"muted":false,"flaky":false,"message":"❌ Timeout waiting for the element ready to click. By.xpath: //button[@data-key='website-popup']","trace":"java.lang.AssertionError: ❌ Timeout waiting for the element ready to click. By.xpath: //button[@data-key='website-popup']\r\n\tat org.testng.Assert.fail(Assert.java:111)\r\n\tat org.oyetest.keywords.WebUI.waitForElementClickable(WebUI.java:3005)\r\n\tat org.oyetest.keywords.WebUI.clickElement(WebUI.java:2611)\r\n\tat org.oyetest.projects.cms.admin.pages.logins.LoginPageCMS.openLoginPage(LoginPageCMS.java:32)\r\n\tat org.oyetest.projects.cms.admin.pages.logins.LoginPageCMS.loginFailWithEmailDoesNotExist(LoginPageCMS.java:53)\r\n\tat org.oyetest.projects.cms.testcases.LoginTest.TC_LoginFailWithEmailDoesNotExist(LoginTest.java:23)\r\n\tat java.base/jdk.internal.reflect.DirectMethodHandleAccessor.invoke(DirectMethodHandleAccessor.java:104)\r\n\tat java.base/java.lang.reflect.Method.invoke(Method.java:578)\r\n\tat org.testng.internal.invokers.MethodInvocationHelper.invokeMethod(MethodInvocationHelper.java:141)\r\n\tat org.testng.internal.invokers.TestInvoker.invokeMethod(TestInvoker.java:686)\r\n\tat org.testng.internal.invokers.TestInvoker.retryFailed(TestInvoker.java:269)\r\n\tat org.testng.internal.invokers.MethodRunner.runInSequence(MethodRunner.java:76)\r\n\tat org.testng.internal.invokers.TestInvoker$MethodInvocationAgent.invoke(TestInvoker.java:992)\r\n\tat org.testng.internal.invokers.TestInvoker.invokeTestMethods(TestInvoker.java:203)\r\n\tat org.testng.internal.invokers.TestMethodWorker.invokeTestMethods(TestMethodWorker.java:154)\r\n\tat org.testng.internal.invokers.TestMethodWorker.run(TestMethodWorker.java:134)\r\n\tat java.base/java.util.concurrent.Executors$RunnableAdapter.call(Executors.java:577)\r\n\tat java.base/java.util.concurrent.FutureTask.run(FutureTask.java:317)\r\n\tat org.testng.internal.thread.graph.TestNGFutureTask.run(TestNGFutureTask.java:22)\r\n\tat java.base/java.util.concurrent.ThreadPoolExecutor.runWorker(ThreadPoolExecutor.java:1144)\r\n\tat java.base/java.util.concurrent.ThreadPoolExecutor$Worker.run(ThreadPoolExecutor.java:642)\r\n\tat java.base/java.lang.Thread.run(Thread.java:1589)\r\n"},"stage":"finished","steps":[],"attachments":[],"parameters":[{"name":"by","value":"By.xpath: //button[@data-key='website-popup']"}],"start":1731917400607,"stop":1731917411139}],"attachments":[],"parameters":[{"name":"BROWSER","value":"chrome"}],"start":1731917394629,"stop":1731917411140}