{"uuid":"c117aa9b-b9bd-4426-b3ed-c1b7b636b719","historyId":"813295d701941d734f825cb2d95779a3","fullName":"org.oyetest.projects.cms.testcases.LoginTest.TC_LoginFailWithNullPassword","labels":[{"name":"package","value":"org.oyetest.projects.cms.testcases.LoginTest"},{"name":"testClass","value":"org.oyetest.projects.cms.testcases.LoginTest"},{"name":"testMethod","value":"TC_LoginFailWithNullPassword"},{"name":"parentSuite","value":"Regression Tests CMS"},{"name":"suite","value":"Login Test CMS"},{"name":"subSuite","value":"org.oyetest.projects.cms.testcases.LoginTest"},{"name":"host","value":"LAPTOP-GQ617UGP"},{"name":"thread","value":"21256@LAPTOP-GQ617UGP.TestNG-test-Login Test CMS-3(47)"},{"name":"framework","value":"testng"},{"name":"language","value":"java"},{"name":"feature","value":"Login Test"},{"name":"epic","value":"Regression Test CMS"}],"links":[],"name":"TC_LoginFailWithNullPassword","status":"skipped","statusDetails":{"known":false,"muted":false,"flaky":false,"message":"❌ Timeout waiting for the element ready to click. By.xpath: //button[@data-key='website-popup']","trace":"java.lang.AssertionError: ❌ Timeout waiting for the element ready to click. By.xpath: //button[@data-key='website-popup']\r\n\tat org.testng.Assert.fail(Assert.java:111)\r\n\tat org.oyetest.keywords.WebUI.waitForElementClickable(WebUI.java:3005)\r\n\tat org.oyetest.keywords.WebUI.clickElement(WebUI.java:2611)\r\n\tat org.oyetest.projects.cms.admin.pages.logins.LoginPageCMS.openLoginPage(LoginPageCMS.java:32)\r\n\tat org.oyetest.projects.cms.admin.pages.logins.LoginPageCMS.loginFailWithNullPassword(LoginPageCMS.java:64)\r\n\tat org.oyetest.projects.cms.testcases.LoginTest.TC_LoginFailWithNullPassword(LoginTest.java:30)\r\n\tat java.base/jdk.internal.reflect.DirectMethodHandleAccessor.invoke(DirectMethodHandleAccessor.java:104)\r\n\tat java.base/java.lang.reflect.Method.invoke(Method.java:578)\r\n\tat org.testng.internal.invokers.MethodInvocationHelper.invokeMethod(MethodInvocationHelper.java:141)\r\n\tat org.testng.internal.invokers.TestInvoker.invokeMethod(TestInvoker.java:686)\r\n\tat org.testng.internal.invokers.TestInvoker.invokeTestMethod(TestInvoker.java:230)\r\n\tat org.testng.internal.invokers.MethodRunner.runInSequence(MethodRunner.java:63)\r\n\tat org.testng.internal.invokers.TestInvoker$MethodInvocationAgent.invoke(TestInvoker.java:992)\r\n\tat org.testng.internal.invokers.TestInvoker.invokeTestMethods(TestInvoker.java:203)\r\n\tat org.testng.internal.invokers.TestMethodWorker.invokeTestMethods(TestMethodWorker.java:154)\r\n\tat org.testng.internal.invokers.TestMethodWorker.run(TestMethodWorker.java:134)\r\n\tat java.base/java.util.concurrent.Executors$RunnableAdapter.call(Executors.java:577)\r\n\tat java.base/java.util.concurrent.FutureTask.run(FutureTask.java:317)\r\n\tat org.testng.internal.thread.graph.TestNGFutureTask.run(TestNGFutureTask.java:22)\r\n\tat java.base/java.util.concurrent.ThreadPoolExecutor.runWorker(ThreadPoolExecutor.java:1144)\r\n\tat java.base/java.util.concurrent.ThreadPoolExecutor$Worker.run(ThreadPoolExecutor.java:642)\r\n\tat java.base/java.lang.Thread.run(Thread.java:1589)\r\n"},"stage":"finished","steps":[{"name":"Open website with URL https://cms.oyetest.com","status":"passed","stage":"finished","steps":[],"attachments":[{"name":"Open website with URL: https://cms.oyetest.com","source":"5e6f2472-e0d5-4acb-ae8e-59b0997ad61d-attachment","type":"text/plain"},{"name":"Step Screenshot","source":"78bfc386-35fb-48c9-a5ab-3f7b68a51a9f-attachment","type":"image/png"}],"parameters":[{"name":"URL","value":"https://cms.oyetest.com"}],"start":1731917375612,"stop":1731917381315},{"name":"Click on the element By.xpath: //button[@data-key='website-popup']","status":"failed","statusDetails":{"known":false,"muted":false,"flaky":false,"message":"❌ Timeout waiting for the element ready to click. By.xpath: //button[@data-key='website-popup']","trace":"java.lang.AssertionError: ❌ Timeout waiting for the element ready to click. By.xpath: //button[@data-key='website-popup']\r\n\tat org.testng.Assert.fail(Assert.java:111)\r\n\tat org.oyetest.keywords.WebUI.waitForElementClickable(WebUI.java:3005)\r\n\tat org.oyetest.keywords.WebUI.clickElement(WebUI.java:2611)\r\n\tat org.oyetest.projects.cms.admin.pages.logins.LoginPageCMS.openLoginPage(LoginPageCMS.java:32)\r\n\tat org.oyetest.projects.cms.admin.pages.logins.LoginPageCMS.loginFailWithNullPassword(LoginPageCMS.java:64)\r\n\tat org.oyetest.projects.cms.testcases.LoginTest.TC_LoginFailWithNullPassword(LoginTest.java:30)\r\n\tat java.base/jdk.internal.reflect.DirectMethodHandleAccessor.invoke(DirectMethodHandleAccessor.java:104)\r\n\tat java.base/java.lang.reflect.Method.invoke(Method.java:578)\r\n\tat org.testng.internal.invokers.MethodInvocationHelper.invokeMethod(MethodInvocationHelper.java:141)\r\n\tat org.testng.internal.invokers.TestInvoker.invokeMethod(TestInvoker.java:686)\r\n\tat org.testng.internal.invokers.TestInvoker.invokeTestMethod(TestInvoker.java:230)\r\n\tat org.testng.internal.invokers.MethodRunner.runInSequence(MethodRunner.java:63)\r\n\tat org.testng.internal.invokers.TestInvoker$MethodInvocationAgent.invoke(TestInvoker.java:992)\r\n\tat org.testng.internal.invokers.TestInvoker.invokeTestMethods(TestInvoker.java:203)\r\n\tat org.testng.internal.invokers.TestMethodWorker.invokeTestMethods(TestMethodWorker.java:154)\r\n\tat org.testng.internal.invokers.TestMethodWorker.run(TestMethodWorker.java:134)\r\n\tat java.base/java.util.concurrent.Executors$RunnableAdapter.call(Executors.java:577)\r\n\tat java.base/java.util.concurrent.FutureTask.run(FutureTask.java:317)\r\n\tat org.testng.internal.thread.graph.TestNGFutureTask.run(TestNGFutureTask.java:22)\r\n\tat java.base/java.util.concurrent.ThreadPoolExecutor.runWorker(ThreadPoolExecutor.java:1144)\r\n\tat java.base/java.util.concurrent.ThreadPoolExecutor$Worker.run(ThreadPoolExecutor.java:642)\r\n\tat java.base/java.lang.Thread.run(Thread.java:1589)\r\n"},"stage":"finished","steps":[],"attachments":[],"parameters":[{"name":"by","value":"By.xpath: //button[@data-key='website-popup']"}],"start":1731917381315,"stop":1731917391714}],"attachments":[],"parameters":[{"name":"BROWSER","value":"chrome"}],"start":1731917373478,"stop":1731917391715}